New log file opened at Sun Jun 28 23:23:53 BRT 2015 by 30486@andre
Taking next connection to: 55811
New client attempting to connect on port: 59009-55811
  Address = /127.0.1.1:55811
This client on port 59009 has uuid 1d70b157-c8bb-4ee2-8860-a7cf4a547abe configName activator humanReadableName Activator protocolVersion 3 featureTags Vector()
Connected Clients: activator-1d70b157-c8bb-4ee2-8860-a7cf4a547abe
Taking next connection to: 55811
New client attempting to connect on port: 59043-55811
  Address = /127.0.1.1:55811
Handshake exception on socket: 59043
sbt.impl.ipc.HandshakeException: Unable to perform handshake
	at sbt.impl.ipc.Peer.handshake(IPC.scala:46)
	at sbt.impl.ipc.MultiClientServer.<init>(IPC.scala:150)
	at sbt.server.SbtServerSocketHandler$$anon$1.run(SbtServerSocketHandler.scala:43)
Caused by: java.io.EOFException
	at java.io.DataInputStream.readInt(DataInputStream.java:392)
	at sbt.impl.ipc.Peer.receive(IPC.scala:95)
	at sbt.impl.ipc.Peer.handshake(IPC.scala:49)
	... 2 more
Taking next connection to: 55811
New client attempting to connect on port: 59044-55811
  Address = /127.0.1.1:55811
This client on port 59044 has uuid 79e07fc0-f208-493f-9179-1e4f68d4f632 configName play-fork-run humanReadableName Play Fork Run protocolVersion 1 featureTags Vector()
Connected Clients: activator-1d70b157-c8bb-4ee2-8860-a7cf4a547abe, play-fork-run-79e07fc0-f208-493f-9179-1e4f68d4f632
Taking next connection to: 55811
