New log file opened at Sun Jun 28 23:39:23 BRT 2015 by 818@andre
Sending msg to client play-fork-run-40a04321-100c-4f68-8d7b-ed8846fffbd6: DetachedLogEvent(LogMessage(debug,sbt server socket logs are in: /mnt/documentos/scala/ws/crud-play-scala/.sbtserver/connections/master.log))
Sending msg to client play-fork-run-40a04321-100c-4f68-8d7b-ed8846fffbd6: DetachedLogEvent(LogMessage(debug,sbt client logs are in: /mnt/documentos/scala/ws/crud-play-scala/.sbtserver/connections/play-fork-run-40a04321-100c-4f68-8d7b-ed8846fffbd6.log))
Sending msg to client play-fork-run-40a04321-100c-4f68-8d7b-ed8846fffbd6: DetachedLogEvent(LogMessage(debug,sbt general server logs are in: /mnt/documentos/scala/ws/crud-play-scala/.sbtserver/master.log))
Reading next message from client.
Got request: DaemonRequest(true)
Reading next message from client.
Sending msg to client play-fork-run-40a04321-100c-4f68-8d7b-ed8846fffbd6: (3,ReceivedResponse())
Got request: ListenToEvents()
Reading next message from client.
Sending msg to client play-fork-run-40a04321-100c-4f68-8d7b-ed8846fffbd6: BackgroundJobStarted(11,BackgroundJobInfo(2,backgroundRun,AttributeKey[sbt.BackgroundJobHandle]("backgroundRun") in Scope(Build: file:/mnt/documentos/scala/ws/crud-play-scala/, , Project: ProjectReference(file:/mnt/documentos/scala/ws/crud-play-scala/,root), Config: compile)))
Sending msg to client play-fork-run-40a04321-100c-4f68-8d7b-ed8846fffbd6: BackgroundJobStarted(6,BackgroundJobInfo(1,backgroundRun,AttributeKey[sbt.BackgroundJobHandle]("backgroundRun") in Scope(Build: file:/mnt/documentos/scala/ws/crud-play-scala/, , Project: ProjectReference(file:/mnt/documentos/scala/ws/crud-play-scala/,root), Config: compile)))
Sending msg to client play-fork-run-40a04321-100c-4f68-8d7b-ed8846fffbd6: (4,ReceivedResponse())
Got request: KeyLookupRequest(root/playForkConfig)
Reading next message from client.
Sending msg to client play-fork-run-40a04321-100c-4f68-8d7b-ed8846fffbd6: (5,KeyLookupResponse(root/playForkConfig,Vector(AttributeKey[play.forkrun.protocol.ForkConfig]("playForkConfig") in Scope(Build: file:/mnt/documentos/scala/ws/crud-play-scala/, , Project: ProjectReference(file:/mnt/documentos/scala/ws/crud-play-scala/,root)))))
Got request: ListenToValue(AttributeKey[play.forkrun.protocol.ForkConfig]("playForkConfig") in Scope(Build: file:/mnt/documentos/scala/ws/crud-play-scala/, , Project: ProjectReference(file:/mnt/documentos/scala/ws/crud-play-scala/,root)))
Reading next message from client.
Sending msg to client play-fork-run-40a04321-100c-4f68-8d7b-ed8846fffbd6: (6,ReceivedResponse())
Got request: KeyExecutionRequest(AttributeKey[play.forkrun.protocol.ForkConfig]("playForkConfig") in Scope(Build: file:/mnt/documentos/scala/ws/crud-play-scala/, , Project: ProjectReference(file:/mnt/documentos/scala/ws/crud-play-scala/,root)))
Reading next message from client.
Sending msg to client play-fork-run-40a04321-100c-4f68-8d7b-ed8846fffbd6: (7,ExecutionRequestReceived(12))
Sending msg to client play-fork-run-40a04321-100c-4f68-8d7b-ed8846fffbd6: ExecutionWaiting(12,{file:/mnt/documentos/scala/ws/crud-play-scala/}root/*:playForkConfig,ClientInfo(40a04321-100c-4f68-8d7b-ed8846fffbd6,play-fork-run,Play Fork Run,1,Vector()))
Sending msg to client play-fork-run-40a04321-100c-4f68-8d7b-ed8846fffbd6: ExecutionStarting(12)
Sending msg to client play-fork-run-40a04321-100c-4f68-8d7b-ed8846fffbd6: DetachedLogEvent(LogMessage(debug,> {file:/mnt/documentos/scala/ws/crud-play-scala/}root/*:playForkConfig))
Sending msg to client play-fork-run-40a04321-100c-4f68-8d7b-ed8846fffbd6: DetachedLogEvent(LogMessage(debug,Evaluating tasks: *:playForkConfig))
Sending msg to client play-fork-run-40a04321-100c-4f68-8d7b-ed8846fffbd6: DetachedLogEvent(LogMessage(debug,Running task... Cancel: sbt.server.ServerTaskCancellation@9244c51, check cycles: false))
Sending msg to client play-fork-run-40a04321-100c-4f68-8d7b-ed8846fffbd6: DetachedLogEvent(LogMessage(debug,cancel strategy start enabled=true lastCommand=Some(LastCommand(CommandExecutionWork(ExecutionId(12),{file:/mnt/documentos/scala/ws/crud-play-scala/}root/*:playForkConfig,Set(LiveClient(play-fork-run 40a04321-100c-4f68-8d7b-ed8846fffbd6)),sbt.server.WorkCancellationStatus$$anon$1@21022223)))))
Sending msg to client play-fork-run-40a04321-100c-4f68-8d7b-ed8846fffbd6: TaskStarted(12,801,Some(AttributeKey[scala.Tuple2[java.lang.String,java.io.File]]("playPrefixAndAssets") in Scope(Build: file:/mnt/documentos/scala/ws/crud-play-scala/, , Project: ProjectReference(file:/mnt/documentos/scala/ws/crud-play-scala/,root))))
Sending msg to client play-fork-run-40a04321-100c-4f68-8d7b-ed8846fffbd6: TaskStarted(12,803,None)
Sending msg to client play-fork-run-40a04321-100c-4f68-8d7b-ed8846fffbd6: TaskStarted(12,806,None)
Sending msg to client play-fork-run-40a04321-100c-4f68-8d7b-ed8846fffbd6: TaskStarted(12,807,Some(AttributeKey[scala.collection.Seq[java.lang.String]]("javaOptions") in Scope(Global)))
Sending msg to client play-fork-run-40a04321-100c-4f68-8d7b-ed8846fffbd6: TaskStarted(12,808,Some(AttributeKey[scala.Option[java.lang.String]]("mainClass") in Scope(Build: file:/mnt/documentos/scala/ws/crud-play-scala/, , Project: ProjectReference(file:/mnt/documentos/scala/ws/crud-play-scala/,root), Config: compile, Task: AttributeKey[void]("run"))))
Sending msg to client play-fork-run-40a04321-100c-4f68-8d7b-ed8846fffbd6: TaskStarted(12,813,None)
Sending msg to client play-fork-run-40a04321-100c-4f68-8d7b-ed8846fffbd6: TaskStarted(12,817,Some(AttributeKey[java.lang.String]("updateCacheName") in Scope(Build: file:/mnt/documentos/scala/ws/crud-play-scala/, , Project: ProjectReference(file:/mnt/documentos/scala/ws/crud-play-scala/,root))))
Sending msg to client play-fork-run-40a04321-100c-4f68-8d7b-ed8846fffbd6: TaskStarted(12,820,None)
Sending msg to client play-fork-run-40a04321-100c-4f68-8d7b-ed8846fffbd6: TaskStarted(12,822,None)
Sending msg to client play-fork-run-40a04321-100c-4f68-8d7b-ed8846fffbd6: TaskStarted(12,823,None)
Sending msg to client play-fork-run-40a04321-100c-4f68-8d7b-ed8846fffbd6: TaskStarted(12,824,None)
Sending msg to client play-fork-run-40a04321-100c-4f68-8d7b-ed8846fffbd6: TaskStarted(12,827,Some(AttributeKey[scala.collection.Seq[sbt.Credentials]]("credentials") in Scope(Global)))
Sending msg to client play-fork-run-40a04321-100c-4f68-8d7b-ed8846fffbd6: TaskStarted(12,832,Some(AttributeKey[scala.collection.Seq[sbt.Resolver]]("externalResolvers") in Scope(Build: file:/mnt/documentos/scala/ws/crud-play-scala/, , Project: ProjectReference(file:/mnt/documentos/scala/ws/crud-play-scala/,root))))
Sending msg to client play-fork-run-40a04321-100c-4f68-8d7b-ed8846fffbd6: TaskStarted(12,836,Some(AttributeKey[scala.Option[scala.collection.Seq[sbt.Resolver]]]("bootResolvers") in Scope(Build: file:/mnt/documentos/scala/ws/crud-play-scala/, , Project: ProjectReference(file:/mnt/documentos/scala/ws/crud-play-scala/,root))))
Sending msg to client play-fork-run-40a04321-100c-4f68-8d7b-ed8846fffbd6: TaskStarted(12,840,Some(AttributeKey[boolean]("skip") in Scope(Global)))
Sending msg to client play-fork-run-40a04321-100c-4f68-8d7b-ed8846fffbd6: TaskStarted(12,853,None)
Sending msg to client play-fork-run-40a04321-100c-4f68-8d7b-ed8846fffbd6: TaskFinished(12,801,Some(AttributeKey[scala.Tuple2[java.lang.String,java.io.File]]("playPrefixAndAssets") in Scope(Build: file:/mnt/documentos/scala/ws/crud-play-scala/, , Project: ProjectReference(file:/mnt/documentos/scala/ws/crud-play-scala/,root))),true,None)
Sending msg to client play-fork-run-40a04321-100c-4f68-8d7b-ed8846fffbd6: TaskStarted(12,800,Some(AttributeKey[scala.collection.Seq[scala.Tuple2[java.lang.String,java.io.File]]]("playAllAssets") in Scope(Build: file:/mnt/documentos/scala/ws/crud-play-scala/, , Project: ProjectReference(file:/mnt/documentos/scala/ws/crud-play-scala/,root))))
Sending msg to client play-fork-run-40a04321-100c-4f68-8d7b-ed8846fffbd6: TaskFinished(12,803,None,true,None)
Sending msg to client play-fork-run-40a04321-100c-4f68-8d7b-ed8846fffbd6: TaskFinished(12,806,None,true,None)
Sending msg to client play-fork-run-40a04321-100c-4f68-8d7b-ed8846fffbd6: TaskStarted(12,805,Some(AttributeKey[sbt.BuildStructure]("buildStructure") in Scope(Global)))
Sending msg to client play-fork-run-40a04321-100c-4f68-8d7b-ed8846fffbd6: TaskStarted(12,841,Some(AttributeKey[java.io.File]("dependencyCacheDirectory") in Scope(Build: file:/mnt/documentos/scala/ws/crud-play-scala/, , Project: ProjectReference(file:/mnt/documentos/scala/ws/crud-play-scala/,root))))
Sending msg to client play-fork-run-40a04321-100c-4f68-8d7b-ed8846fffbd6: TaskFinished(12,807,Some(AttributeKey[scala.collection.Seq[java.lang.String]]("javaOptions") in Scope(Global)),true,None)
Sending msg to client play-fork-run-40a04321-100c-4f68-8d7b-ed8846fffbd6: TaskFinished(12,813,None,true,None)
Sending msg to client play-fork-run-40a04321-100c-4f68-8d7b-ed8846fffbd6: TaskStarted(12,812,None)
Sending msg to client play-fork-run-40a04321-100c-4f68-8d7b-ed8846fffbd6: TaskStarted(12,818,None)
Sending msg to client play-fork-run-40a04321-100c-4f68-8d7b-ed8846fffbd6: TaskStarted(12,828,None)
Sending msg to client play-fork-run-40a04321-100c-4f68-8d7b-ed8846fffbd6: TaskStarted(12,830,None)
Sending msg to client play-fork-run-40a04321-100c-4f68-8d7b-ed8846fffbd6: TaskStarted(12,835,None)
Sending msg to client play-fork-run-40a04321-100c-4f68-8d7b-ed8846fffbd6: TaskStarted(12,846,None)
Sending msg to client play-fork-run-40a04321-100c-4f68-8d7b-ed8846fffbd6: TaskStarted(12,848,None)
Sending msg to client play-fork-run-40a04321-100c-4f68-8d7b-ed8846fffbd6: TaskStarted(12,854,None)
Sending msg to client play-fork-run-40a04321-100c-4f68-8d7b-ed8846fffbd6: TaskFinished(12,808,Some(AttributeKey[scala.Option[java.lang.String]]("mainClass") in Scope(Build: file:/mnt/documentos/scala/ws/crud-play-scala/, , Project: ProjectReference(file:/mnt/documentos/scala/ws/crud-play-scala/,root), Config: compile, Task: AttributeKey[void]("run"))),true,None)
Sending msg to client play-fork-run-40a04321-100c-4f68-8d7b-ed8846fffbd6: TaskFinished(12,817,Some(AttributeKey[java.lang.String]("updateCacheName") in Scope(Build: file:/mnt/documentos/scala/ws/crud-play-scala/, , Project: ProjectReference(file:/mnt/documentos/scala/ws/crud-play-scala/,root))),true,None)
Sending msg to client play-fork-run-40a04321-100c-4f68-8d7b-ed8846fffbd6: TaskFinished(12,822,None,true,None)
Sending msg to client play-fork-run-40a04321-100c-4f68-8d7b-ed8846fffbd6: TaskFinished(12,824,None,true,None)
Sending msg to client play-fork-run-40a04321-100c-4f68-8d7b-ed8846fffbd6: TaskFinished(12,823,None,true,None)
Sending msg to client play-fork-run-40a04321-100c-4f68-8d7b-ed8846fffbd6: TaskStarted(12,821,Some(AttributeKey[scala.collection.Seq[sbt.UpdateReport]]("transitiveUpdate") in Scope(Build: file:/mnt/documentos/scala/ws/crud-play-scala/, , Project: ProjectReference(file:/mnt/documentos/scala/ws/crud-play-scala/,root))))
Sending msg to client play-fork-run-40a04321-100c-4f68-8d7b-ed8846fffbd6: TaskFinished(12,820,None,true,None)
Sending msg to client play-fork-run-40a04321-100c-4f68-8d7b-ed8846fffbd6: TaskFinished(12,827,Some(AttributeKey[scala.collection.Seq[sbt.Credentials]]("credentials") in Scope(Global)),true,None)
Sending msg to client play-fork-run-40a04321-100c-4f68-8d7b-ed8846fffbd6: TaskFinished(12,832,Some(AttributeKey[scala.collection.Seq[sbt.Resolver]]("externalResolvers") in Scope(Build: file:/mnt/documentos/scala/ws/crud-play-scala/, , Project: ProjectReference(file:/mnt/documentos/scala/ws/crud-play-scala/,root))),true,None)
Sending msg to client play-fork-run-40a04321-100c-4f68-8d7b-ed8846fffbd6: TaskFinished(12,836,Some(AttributeKey[scala.Option[scala.collection.Seq[sbt.Resolver]]]("bootResolvers") in Scope(Build: file:/mnt/documentos/scala/ws/crud-play-scala/, , Project: ProjectReference(file:/mnt/documentos/scala/ws/crud-play-scala/,root))),true,None)
Sending msg to client play-fork-run-40a04321-100c-4f68-8d7b-ed8846fffbd6: TaskFinished(12,840,Some(AttributeKey[boolean]("skip") in Scope(Global)),true,None)
Sending msg to client play-fork-run-40a04321-100c-4f68-8d7b-ed8846fffbd6: TaskFinished(12,853,None,true,None)
Sending msg to client play-fork-run-40a04321-100c-4f68-8d7b-ed8846fffbd6: TaskFinished(12,800,Some(AttributeKey[scala.collection.Seq[scala.Tuple2[java.lang.String,java.io.File]]]("playAllAssets") in Scope(Build: file:/mnt/documentos/scala/ws/crud-play-scala/, , Project: ProjectReference(file:/mnt/documentos/scala/ws/crud-play-scala/,root))),true,None)
Sending msg to client play-fork-run-40a04321-100c-4f68-8d7b-ed8846fffbd6: TaskFinished(12,805,Some(AttributeKey[sbt.BuildStructure]("buildStructure") in Scope(Global)),true,None)
Sending msg to client play-fork-run-40a04321-100c-4f68-8d7b-ed8846fffbd6: TaskStarted(12,804,Some(AttributeKey[sbt.Settings[sbt.Scope]]("settingsData") in Scope(Global)))
Sending msg to client play-fork-run-40a04321-100c-4f68-8d7b-ed8846fffbd6: TaskFinished(12,841,Some(AttributeKey[java.io.File]("dependencyCacheDirectory") in Scope(Build: file:/mnt/documentos/scala/ws/crud-play-scala/, , Project: ProjectReference(file:/mnt/documentos/scala/ws/crud-play-scala/,root))),true,None)
Sending msg to client play-fork-run-40a04321-100c-4f68-8d7b-ed8846fffbd6: TaskFinished(12,812,None,true,None)
Sending msg to client play-fork-run-40a04321-100c-4f68-8d7b-ed8846fffbd6: TaskFinished(12,818,None,true,None)
Sending msg to client play-fork-run-40a04321-100c-4f68-8d7b-ed8846fffbd6: TaskStarted(12,816,Some(AttributeKey[scala.collection.immutable.Map[sbt.ModuleID,sbt.SourcePosition]]("dependencyPositions") in Scope(Build: file:/mnt/documentos/scala/ws/crud-play-scala/, , Project: ProjectReference(file:/mnt/documentos/scala/ws/crud-play-scala/,root))))
Sending msg to client play-fork-run-40a04321-100c-4f68-8d7b-ed8846fffbd6: TaskFinished(12,828,None,true,None)
Sending msg to client play-fork-run-40a04321-100c-4f68-8d7b-ed8846fffbd6: TaskFinished(12,830,None,true,None)
Sending msg to client play-fork-run-40a04321-100c-4f68-8d7b-ed8846fffbd6: TaskFinished(12,835,None,true,None)
Sending msg to client play-fork-run-40a04321-100c-4f68-8d7b-ed8846fffbd6: TaskFinished(12,846,None,true,None)
Sending msg to client play-fork-run-40a04321-100c-4f68-8d7b-ed8846fffbd6: TaskFinished(12,848,None,true,None)
Sending msg to client play-fork-run-40a04321-100c-4f68-8d7b-ed8846fffbd6: TaskFinished(12,854,None,true,None)
Sending msg to client play-fork-run-40a04321-100c-4f68-8d7b-ed8846fffbd6: TaskFinished(12,821,Some(AttributeKey[scala.collection.Seq[sbt.UpdateReport]]("transitiveUpdate") in Scope(Build: file:/mnt/documentos/scala/ws/crud-play-scala/, , Project: ProjectReference(file:/mnt/documentos/scala/ws/crud-play-scala/,root))),true,None)
Sending msg to client play-fork-run-40a04321-100c-4f68-8d7b-ed8846fffbd6: TaskFinished(12,804,Some(AttributeKey[sbt.Settings[sbt.Scope]]("settingsData") in Scope(Global)),true,None)
Sending msg to client play-fork-run-40a04321-100c-4f68-8d7b-ed8846fffbd6: TaskStarted(12,802,Some(AttributeKey[scala.collection.Seq[java.io.File]]("playMonitoredFiles") in Scope(Build: file:/mnt/documentos/scala/ws/crud-play-scala/, , Project: ProjectReference(file:/mnt/documentos/scala/ws/crud-play-scala/,root))))
Sending msg to client play-fork-run-40a04321-100c-4f68-8d7b-ed8846fffbd6: TaskStarted(12,819,None)
Sending msg to client play-fork-run-40a04321-100c-4f68-8d7b-ed8846fffbd6: TaskStarted(12,834,Some(AttributeKey[scala.collection.immutable.Map[org.apache.ivy.core.module.id.ModuleRevisionId,org.apache.ivy.core.module.descriptor.ModuleDescriptor]]("projectDescriptors") in Scope(Build: file:/mnt/documentos/scala/ws/crud-play-scala/, , Project: ProjectReference(file:/mnt/documentos/scala/ws/crud-play-scala/,root))))
Sending msg to client play-fork-run-40a04321-100c-4f68-8d7b-ed8846fffbd6: TaskStarted(12,839,Some(AttributeKey[scala.collection.Seq[sbt.ModuleID]]("projectDependencies") in Scope(Build: file:/mnt/documentos/scala/ws/crud-play-scala/, , Project: ProjectReference(file:/mnt/documentos/scala/ws/crud-play-scala/,root))))
Sending msg to client play-fork-run-40a04321-100c-4f68-8d7b-ed8846fffbd6: TaskStarted(12,845,None)
Sending msg to client play-fork-run-40a04321-100c-4f68-8d7b-ed8846fffbd6: TaskFinished(12,816,Some(AttributeKey[scala.collection.immutable.Map[sbt.ModuleID,sbt.SourcePosition]]("dependencyPositions") in Scope(Build: file:/mnt/documentos/scala/ws/crud-play-scala/, , Project: ProjectReference(file:/mnt/documentos/scala/ws/crud-play-scala/,root))),true,None)
Sending msg to client play-fork-run-40a04321-100c-4f68-8d7b-ed8846fffbd6: TaskStarted(12,815,Some(AttributeKey[sbt.UnresolvedWarningConfiguration]("unresolvedWarningConfiguration") in Scope(Build: file:/mnt/documentos/scala/ws/crud-play-scala/, , Project: ProjectReference(file:/mnt/documentos/scala/ws/crud-play-scala/,root), Task: AttributeKey[sbt.UpdateReport]("update"))))
Sending msg to client play-fork-run-40a04321-100c-4f68-8d7b-ed8846fffbd6: TaskStarted(12,855,None)
Sending msg to client play-fork-run-40a04321-100c-4f68-8d7b-ed8846fffbd6: TaskStarted(12,856,None)
Sending msg to client play-fork-run-40a04321-100c-4f68-8d7b-ed8846fffbd6: TaskStarted(12,858,None)
Sending msg to client play-fork-run-40a04321-100c-4f68-8d7b-ed8846fffbd6: TaskFinished(12,839,Some(AttributeKey[scala.collection.Seq[sbt.ModuleID]]("projectDependencies") in Scope(Build: file:/mnt/documentos/scala/ws/crud-play-scala/, , Project: ProjectReference(file:/mnt/documentos/scala/ws/crud-play-scala/,root))),true,None)
Sending msg to client play-fork-run-40a04321-100c-4f68-8d7b-ed8846fffbd6: TaskStarted(12,838,Some(AttributeKey[scala.collection.Seq[sbt.ModuleID]]("allDependencies") in Scope(Build: file:/mnt/documentos/scala/ws/crud-play-scala/, , Project: ProjectReference(file:/mnt/documentos/scala/ws/crud-play-scala/,root))))
Sending msg to client play-fork-run-40a04321-100c-4f68-8d7b-ed8846fffbd6: TaskStarted(12,862,None)
Sending msg to client play-fork-run-40a04321-100c-4f68-8d7b-ed8846fffbd6: TaskStarted(12,863,None)
Sending msg to client play-fork-run-40a04321-100c-4f68-8d7b-ed8846fffbd6: TaskStarted(12,866,None)
Sending msg to client play-fork-run-40a04321-100c-4f68-8d7b-ed8846fffbd6: TaskStarted(12,867,None)
Sending msg to client play-fork-run-40a04321-100c-4f68-8d7b-ed8846fffbd6: TaskStarted(12,869,None)
Sending msg to client play-fork-run-40a04321-100c-4f68-8d7b-ed8846fffbd6: TaskFinished(12,815,Some(AttributeKey[sbt.UnresolvedWarningConfiguration]("unresolvedWarningConfiguration") in Scope(Build: file:/mnt/documentos/scala/ws/crud-play-scala/, , Project: ProjectReference(file:/mnt/documentos/scala/ws/crud-play-scala/,root), Task: AttributeKey[sbt.UpdateReport]("update"))),true,None)
Sending msg to client play-fork-run-40a04321-100c-4f68-8d7b-ed8846fffbd6: TaskFinished(12,855,None,true,None)
Sending msg to client play-fork-run-40a04321-100c-4f68-8d7b-ed8846fffbd6: TaskFinished(12,802,Some(AttributeKey[scala.collection.Seq[java.io.File]]("playMonitoredFiles") in Scope(Build: file:/mnt/documentos/scala/ws/crud-play-scala/, , Project: ProjectReference(file:/mnt/documentos/scala/ws/crud-play-scala/,root))),true,None)
Sending msg to client play-fork-run-40a04321-100c-4f68-8d7b-ed8846fffbd6: TaskFinished(12,856,None,true,None)
Sending msg to client play-fork-run-40a04321-100c-4f68-8d7b-ed8846fffbd6: TaskFinished(12,819,None,true,None)
Sending msg to client play-fork-run-40a04321-100c-4f68-8d7b-ed8846fffbd6: TaskFinished(12,858,None,true,None)
Sending msg to client play-fork-run-40a04321-100c-4f68-8d7b-ed8846fffbd6: TaskStarted(12,857,None)
Sending msg to client play-fork-run-40a04321-100c-4f68-8d7b-ed8846fffbd6: TaskFinished(12,838,Some(AttributeKey[scala.collection.Seq[sbt.ModuleID]]("allDependencies") in Scope(Build: file:/mnt/documentos/scala/ws/crud-play-scala/, , Project: ProjectReference(file:/mnt/documentos/scala/ws/crud-play-scala/,root))),true,None)
Sending msg to client play-fork-run-40a04321-100c-4f68-8d7b-ed8846fffbd6: TaskStarted(12,837,Some(AttributeKey[sbt.ModuleSettings]("moduleSettings") in Scope(Build: file:/mnt/documentos/scala/ws/crud-play-scala/, , Project: ProjectReference(file:/mnt/documentos/scala/ws/crud-play-scala/,root))))
Sending msg to client play-fork-run-40a04321-100c-4f68-8d7b-ed8846fffbd6: TaskFinished(12,862,None,true,None)
Sending msg to client play-fork-run-40a04321-100c-4f68-8d7b-ed8846fffbd6: TaskFinished(12,863,None,true,None)
Sending msg to client play-fork-run-40a04321-100c-4f68-8d7b-ed8846fffbd6: TaskStarted(12,861,Some(AttributeKey[scala.collection.Seq[sbt.Attributed[java.io.File]]]("unmanagedJars") in Scope(Build: file:/mnt/documentos/scala/ws/crud-play-scala/, , Project: ProjectReference(file:/mnt/documentos/scala/ws/crud-play-scala/,root), Config: runtime)))
Sending msg to client play-fork-run-40a04321-100c-4f68-8d7b-ed8846fffbd6: TaskFinished(12,866,None,true,None)
Sending msg to client play-fork-run-40a04321-100c-4f68-8d7b-ed8846fffbd6: TaskFinished(12,867,None,true,None)
Sending msg to client play-fork-run-40a04321-100c-4f68-8d7b-ed8846fffbd6: TaskStarted(12,865,Some(AttributeKey[scala.collection.Seq[sbt.Attributed[java.io.File]]]("unmanagedJars") in Scope(Build: file:/mnt/documentos/scala/ws/crud-play-scala/, , Project: ProjectReference(file:/mnt/documentos/scala/ws/crud-play-scala/,root), Config: compile)))
Sending msg to client play-fork-run-40a04321-100c-4f68-8d7b-ed8846fffbd6: TaskFinished(12,869,None,true,None)
Sending msg to client play-fork-run-40a04321-100c-4f68-8d7b-ed8846fffbd6: TaskStarted(12,868,None)
Sending msg to client play-fork-run-40a04321-100c-4f68-8d7b-ed8846fffbd6: TaskFinished(12,857,None,true,None)
Sending msg to client play-fork-run-40a04321-100c-4f68-8d7b-ed8846fffbd6: TaskFinished(12,834,Some(AttributeKey[scala.collection.immutable.Map[org.apache.ivy.core.module.id.ModuleRevisionId,org.apache.ivy.core.module.descriptor.ModuleDescriptor]]("projectDescriptors") in Scope(Build: file:/mnt/documentos/scala/ws/crud-play-scala/, , Project: ProjectReference(file:/mnt/documentos/scala/ws/crud-play-scala/,root))),true,None)
Sending msg to client play-fork-run-40a04321-100c-4f68-8d7b-ed8846fffbd6: TaskStarted(12,833,Some(AttributeKey[sbt.Resolver]("projectResolver") in Scope(Build: file:/mnt/documentos/scala/ws/crud-play-scala/, , Project: ProjectReference(file:/mnt/documentos/scala/ws/crud-play-scala/,root))))
Sending msg to client play-fork-run-40a04321-100c-4f68-8d7b-ed8846fffbd6: TaskFinished(12,837,Some(AttributeKey[sbt.ModuleSettings]("moduleSettings") in Scope(Build: file:/mnt/documentos/scala/ws/crud-play-scala/, , Project: ProjectReference(file:/mnt/documentos/scala/ws/crud-play-scala/,root))),true,None)
Sending msg to client play-fork-run-40a04321-100c-4f68-8d7b-ed8846fffbd6: TaskFinished(12,861,Some(AttributeKey[scala.collection.Seq[sbt.Attributed[java.io.File]]]("unmanagedJars") in Scope(Build: file:/mnt/documentos/scala/ws/crud-play-scala/, , Project: ProjectReference(file:/mnt/documentos/scala/ws/crud-play-scala/,root), Config: runtime)),true,None)
Sending msg to client play-fork-run-40a04321-100c-4f68-8d7b-ed8846fffbd6: TaskFinished(12,865,Some(AttributeKey[scala.collection.Seq[sbt.Attributed[java.io.File]]]("unmanagedJars") in Scope(Build: file:/mnt/documentos/scala/ws/crud-play-scala/, , Project: ProjectReference(file:/mnt/documentos/scala/ws/crud-play-scala/,root), Config: compile)),true,None)
Sending msg to client play-fork-run-40a04321-100c-4f68-8d7b-ed8846fffbd6: TaskStarted(12,870,None)
Sending msg to client play-fork-run-40a04321-100c-4f68-8d7b-ed8846fffbd6: TaskFinished(12,833,Some(AttributeKey[sbt.Resolver]("projectResolver") in Scope(Build: file:/mnt/documentos/scala/ws/crud-play-scala/, , Project: ProjectReference(file:/mnt/documentos/scala/ws/crud-play-scala/,root))),true,None)
Sending msg to client play-fork-run-40a04321-100c-4f68-8d7b-ed8846fffbd6: TaskStarted(12,831,Some(AttributeKey[scala.collection.Seq[sbt.Resolver]]("fullResolvers") in Scope(Build: file:/mnt/documentos/scala/ws/crud-play-scala/, , Project: ProjectReference(file:/mnt/documentos/scala/ws/crud-play-scala/,root))))
Sending msg to client play-fork-run-40a04321-100c-4f68-8d7b-ed8846fffbd6: TaskFinished(12,870,None,true,None)
Sending msg to client play-fork-run-40a04321-100c-4f68-8d7b-ed8846fffbd6: TaskFinished(12,868,None,true,None)
Sending msg to client play-fork-run-40a04321-100c-4f68-8d7b-ed8846fffbd6: TaskStarted(12,864,Some(AttributeKey[scala.collection.Seq[sbt.Attributed[java.io.File]]]("unmanagedJars") in Scope(Build: file:/mnt/documentos/scala/ws/crud-play-scala/, , Project: ProjectReference(file:/mnt/documentos/scala/ws/crud-play-scala/,root), Config: compile)))
Sending msg to client play-fork-run-40a04321-100c-4f68-8d7b-ed8846fffbd6: TaskFinished(12,831,Some(AttributeKey[scala.collection.Seq[sbt.Resolver]]("fullResolvers") in Scope(Build: file:/mnt/documentos/scala/ws/crud-play-scala/, , Project: ProjectReference(file:/mnt/documentos/scala/ws/crud-play-scala/,root))),true,None)
Sending msg to client play-fork-run-40a04321-100c-4f68-8d7b-ed8846fffbd6: TaskStarted(12,829,Some(AttributeKey[sbt.IvyConfiguration]("ivyConfiguration") in Scope(Build: file:/mnt/documentos/scala/ws/crud-play-scala/, , Project: ProjectReference(file:/mnt/documentos/scala/ws/crud-play-scala/,root))))
Sending msg to client play-fork-run-40a04321-100c-4f68-8d7b-ed8846fffbd6: TaskFinished(12,864,Some(AttributeKey[scala.collection.Seq[sbt.Attributed[java.io.File]]]("unmanagedJars") in Scope(Build: file:/mnt/documentos/scala/ws/crud-play-scala/, , Project: ProjectReference(file:/mnt/documentos/scala/ws/crud-play-scala/,root), Config: compile)),true,None)
Sending msg to client play-fork-run-40a04321-100c-4f68-8d7b-ed8846fffbd6: TaskStarted(12,860,None)
Sending msg to client play-fork-run-40a04321-100c-4f68-8d7b-ed8846fffbd6: TaskFinished(12,829,Some(AttributeKey[sbt.IvyConfiguration]("ivyConfiguration") in Scope(Build: file:/mnt/documentos/scala/ws/crud-play-scala/, , Project: ProjectReference(file:/mnt/documentos/scala/ws/crud-play-scala/,root))),true,None)
Sending msg to client play-fork-run-40a04321-100c-4f68-8d7b-ed8846fffbd6: TaskStarted(12,826,Some(AttributeKey[sbt.IvySbt]("ivySbt") in Scope(Build: file:/mnt/documentos/scala/ws/crud-play-scala/, , Project: ProjectReference(file:/mnt/documentos/scala/ws/crud-play-scala/,root))))
Sending msg to client play-fork-run-40a04321-100c-4f68-8d7b-ed8846fffbd6: TaskFinished(12,860,None,true,None)
Sending msg to client play-fork-run-40a04321-100c-4f68-8d7b-ed8846fffbd6: TaskStarted(12,859,None)
Sending msg to client play-fork-run-40a04321-100c-4f68-8d7b-ed8846fffbd6: TaskFinished(12,826,Some(AttributeKey[sbt.IvySbt]("ivySbt") in Scope(Build: file:/mnt/documentos/scala/ws/crud-play-scala/, , Project: ProjectReference(file:/mnt/documentos/scala/ws/crud-play-scala/,root))),true,None)
Sending msg to client play-fork-run-40a04321-100c-4f68-8d7b-ed8846fffbd6: TaskStarted(12,825,Some(AttributeKey[sbt.IvySbt$Module]("ivyModule") in Scope(Build: file:/mnt/documentos/scala/ws/crud-play-scala/, , Project: ProjectReference(file:/mnt/documentos/scala/ws/crud-play-scala/,root))))
Sending msg to client play-fork-run-40a04321-100c-4f68-8d7b-ed8846fffbd6: TaskFinished(12,859,None,true,None)
Sending msg to client play-fork-run-40a04321-100c-4f68-8d7b-ed8846fffbd6: TaskFinished(12,845,None,true,None)
Sending msg to client play-fork-run-40a04321-100c-4f68-8d7b-ed8846fffbd6: TaskStarted(12,844,Some(AttributeKey[scala.collection.Seq[sbt.Attributed[java.io.File]]]("unmanagedClasspath") in Scope(Build: file:/mnt/documentos/scala/ws/crud-play-scala/, , Project: ProjectReference(file:/mnt/documentos/scala/ws/crud-play-scala/,root), Config: runtime)))
Sending msg to client play-fork-run-40a04321-100c-4f68-8d7b-ed8846fffbd6: TaskFinished(12,825,Some(AttributeKey[sbt.IvySbt$Module]("ivyModule") in Scope(Build: file:/mnt/documentos/scala/ws/crud-play-scala/, , Project: ProjectReference(file:/mnt/documentos/scala/ws/crud-play-scala/,root))),true,None)
Sending msg to client play-fork-run-40a04321-100c-4f68-8d7b-ed8846fffbd6: TaskStarted(12,814,Some(AttributeKey[sbt.UpdateReport]("update") in Scope(Build: file:/mnt/documentos/scala/ws/crud-play-scala/, , Project: ProjectReference(file:/mnt/documentos/scala/ws/crud-play-scala/,root))))
Sending msg to client play-fork-run-40a04321-100c-4f68-8d7b-ed8846fffbd6: TaskFinished(12,844,Some(AttributeKey[scala.collection.Seq[sbt.Attributed[java.io.File]]]("unmanagedClasspath") in Scope(Build: file:/mnt/documentos/scala/ws/crud-play-scala/, , Project: ProjectReference(file:/mnt/documentos/scala/ws/crud-play-scala/,root), Config: runtime)),true,None)
Sending msg to client play-fork-run-40a04321-100c-4f68-8d7b-ed8846fffbd6: TaskFinished(12,814,Some(AttributeKey[sbt.UpdateReport]("update") in Scope(Build: file:/mnt/documentos/scala/ws/crud-play-scala/, , Project: ProjectReference(file:/mnt/documentos/scala/ws/crud-play-scala/,root))),true,None)
Sending msg to client play-fork-run-40a04321-100c-4f68-8d7b-ed8846fffbd6: TaskStarted(12,811,Some(AttributeKey[sbt.UpdateReport]("update") in Scope(Build: file:/mnt/documentos/scala/ws/crud-play-scala/, , Project: ProjectReference(file:/mnt/documentos/scala/ws/crud-play-scala/,root))))
Sending msg to client play-fork-run-40a04321-100c-4f68-8d7b-ed8846fffbd6: TaskFinished(12,811,Some(AttributeKey[sbt.UpdateReport]("update") in Scope(Build: file:/mnt/documentos/scala/ws/crud-play-scala/, , Project: ProjectReference(file:/mnt/documentos/scala/ws/crud-play-scala/,root))),true,None)
Sending msg to client play-fork-run-40a04321-100c-4f68-8d7b-ed8846fffbd6: TaskStarted(12,810,Some(AttributeKey[scala.collection.Seq[sbt.Attributed[java.io.File]]]("managedClasspath") in Scope(Build: file:/mnt/documentos/scala/ws/crud-play-scala/, , Project: ProjectReference(file:/mnt/documentos/scala/ws/crud-play-scala/,root), Config: docs)))
Sending msg to client play-fork-run-40a04321-100c-4f68-8d7b-ed8846fffbd6: TaskStarted(12,852,Some(AttributeKey[sbt.Configuration]("classpathConfiguration") in Scope(Build: file:/mnt/documentos/scala/ws/crud-play-scala/, , Project: ProjectReference(file:/mnt/documentos/scala/ws/crud-play-scala/,root), Config: compile)))
Sending msg to client play-fork-run-40a04321-100c-4f68-8d7b-ed8846fffbd6: TaskFinished(12,852,Some(AttributeKey[sbt.Configuration]("classpathConfiguration") in Scope(Build: file:/mnt/documentos/scala/ws/crud-play-scala/, , Project: ProjectReference(file:/mnt/documentos/scala/ws/crud-play-scala/,root), Config: compile)),true,None)
Sending msg to client play-fork-run-40a04321-100c-4f68-8d7b-ed8846fffbd6: TaskStarted(12,851,None)
Sending msg to client play-fork-run-40a04321-100c-4f68-8d7b-ed8846fffbd6: TaskFinished(12,810,Some(AttributeKey[scala.collection.Seq[sbt.Attributed[java.io.File]]]("managedClasspath") in Scope(Build: file:/mnt/documentos/scala/ws/crud-play-scala/, , Project: ProjectReference(file:/mnt/documentos/scala/ws/crud-play-scala/,root), Config: docs)),true,None)
Sending msg to client play-fork-run-40a04321-100c-4f68-8d7b-ed8846fffbd6: TaskStarted(12,809,Some(AttributeKey[scala.Option[java.io.File]]("playDocsJar") in Scope(Build: file:/mnt/documentos/scala/ws/crud-play-scala/, , Project: ProjectReference(file:/mnt/documentos/scala/ws/crud-play-scala/,root))))
Sending msg to client play-fork-run-40a04321-100c-4f68-8d7b-ed8846fffbd6: TaskFinished(12,809,Some(AttributeKey[scala.Option[java.io.File]]("playDocsJar") in Scope(Build: file:/mnt/documentos/scala/ws/crud-play-scala/, , Project: ProjectReference(file:/mnt/documentos/scala/ws/crud-play-scala/,root))),true,None)
Sending msg to client play-fork-run-40a04321-100c-4f68-8d7b-ed8846fffbd6: TaskFinished(12,851,None,true,None)
Sending msg to client play-fork-run-40a04321-100c-4f68-8d7b-ed8846fffbd6: TaskStarted(12,850,Some(AttributeKey[sbt.Configuration]("classpathConfiguration") in Scope(Build: file:/mnt/documentos/scala/ws/crud-play-scala/, , Project: ProjectReference(file:/mnt/documentos/scala/ws/crud-play-scala/,root), Config: runtime)))
Sending msg to client play-fork-run-40a04321-100c-4f68-8d7b-ed8846fffbd6: TaskFinished(12,850,Some(AttributeKey[sbt.Configuration]("classpathConfiguration") in Scope(Build: file:/mnt/documentos/scala/ws/crud-play-scala/, , Project: ProjectReference(file:/mnt/documentos/scala/ws/crud-play-scala/,root), Config: runtime)),true,None)
Sending msg to client play-fork-run-40a04321-100c-4f68-8d7b-ed8846fffbd6: TaskStarted(12,849,None)
Sending msg to client play-fork-run-40a04321-100c-4f68-8d7b-ed8846fffbd6: TaskFinished(12,849,None,true,None)
Sending msg to client play-fork-run-40a04321-100c-4f68-8d7b-ed8846fffbd6: TaskStarted(12,847,Some(AttributeKey[scala.collection.Seq[sbt.Attributed[java.io.File]]]("managedClasspath") in Scope(Build: file:/mnt/documentos/scala/ws/crud-play-scala/, , Project: ProjectReference(file:/mnt/documentos/scala/ws/crud-play-scala/,root), Config: runtime)))
Sending msg to client play-fork-run-40a04321-100c-4f68-8d7b-ed8846fffbd6: TaskFinished(12,847,Some(AttributeKey[scala.collection.Seq[sbt.Attributed[java.io.File]]]("managedClasspath") in Scope(Build: file:/mnt/documentos/scala/ws/crud-play-scala/, , Project: ProjectReference(file:/mnt/documentos/scala/ws/crud-play-scala/,root), Config: runtime)),true,None)
Sending msg to client play-fork-run-40a04321-100c-4f68-8d7b-ed8846fffbd6: TaskStarted(12,843,None)
Sending msg to client play-fork-run-40a04321-100c-4f68-8d7b-ed8846fffbd6: TaskFinished(12,843,None,true,None)
Sending msg to client play-fork-run-40a04321-100c-4f68-8d7b-ed8846fffbd6: TaskStarted(12,842,Some(AttributeKey[scala.collection.Seq[sbt.Attributed[java.io.File]]]("playDependencyClasspath") in Scope(Build: file:/mnt/documentos/scala/ws/crud-play-scala/, , Project: ProjectReference(file:/mnt/documentos/scala/ws/crud-play-scala/,root))))
Sending msg to client play-fork-run-40a04321-100c-4f68-8d7b-ed8846fffbd6: TaskFinished(12,842,Some(AttributeKey[scala.collection.Seq[sbt.Attributed[java.io.File]]]("playDependencyClasspath") in Scope(Build: file:/mnt/documentos/scala/ws/crud-play-scala/, , Project: ProjectReference(file:/mnt/documentos/scala/ws/crud-play-scala/,root))),true,None)
Sending msg to client play-fork-run-40a04321-100c-4f68-8d7b-ed8846fffbd6: TaskStarted(12,799,Some(AttributeKey[play.forkrun.protocol.ForkConfig]("playForkConfig") in Scope(Build: file:/mnt/documentos/scala/ws/crud-play-scala/, , Project: ProjectReference(file:/mnt/documentos/scala/ws/crud-play-scala/,root))))
Sending msg to client play-fork-run-40a04321-100c-4f68-8d7b-ed8846fffbd6: TaskFinished(12,799,Some(AttributeKey[play.forkrun.protocol.ForkConfig]("playForkConfig") in Scope(Build: file:/mnt/documentos/scala/ws/crud-play-scala/, , Project: ProjectReference(file:/mnt/documentos/scala/ws/crud-play-scala/,root))),true,None)
Sending msg to client play-fork-run-40a04321-100c-4f68-8d7b-ed8846fffbd6: ValueChanged(AttributeKey[play.forkrun.protocol.ForkConfig]("playForkConfig") in Scope(Build: file:/mnt/documentos/scala/ws/crud-play-scala/, , Project: ProjectReference(file:/mnt/documentos/scala/ws/crud-play-scala/,root)),TaskSuccess(BuildValue(LazyValue(ForkConfig(/mnt/documentos/scala/ws/crud-play-scala,List(),List(/home/andre/.ivy2/cache/org.scala-lang/scala-library/jars/scala-library-2.11.6.jar, /home/andre/.ivy2/cache/com.typesafe.play/twirl-api_2.11/jars/twirl-api_2.11-1.1.1.jar, /home/andre/.ivy2/cache/org.apache.commons/commons-lang3/jars/commons-lang3-3.4.jar, /home/andre/.ivy2/cache/org.scala-lang.modules/scala-xml_2.11/bundles/scala-xml_2.11-1.0.1.jar, /home/andre/.ivy2/cache/com.typesafe.play/play-server_2.11/jars/play-server_2.11-2.4.1.jar, /home/andre/.ivy2/cache/com.typesafe.play/play_2.11/jars/play_2.11-2.4.1.jar, /home/andre/.ivy2/cache/com.typesafe.play/build-link/jars/build-link-2.4.1.jar, /home/andre/.ivy2/cache/com.typesafe.play/play-exceptions/jars/play-exceptions-2.4.1.jar, /opt/activator/repository/org.javassist/javassist/3.19.0-GA/bundles/javassist.jar, /home/andre/.ivy2/cache/com.typesafe.play/play-iteratees_2.11/jars/play-iteratees_2.11-2.4.1.jar, /home/andre/.ivy2/cache/org.scala-stm/scala-stm_2.11/jars/scala-stm_2.11-0.7.jar, /home/andre/.ivy2/cache/com.typesafe/config/bundles/config-1.3.0.jar, /home/andre/.ivy2/cache/com.typesafe.play/play-json_2.11/jars/play-json_2.11-2.4.1.jar, /home/andre/.ivy2/cache/com.typesafe.play/play-functional_2.11/jars/play-functional_2.11-2.4.1.jar, /home/andre/.ivy2/cache/com.typesafe.play/play-datacommons_2.11/jars/play-datacommons_2.11-2.4.1.jar, /home/andre/.ivy2/cache/joda-time/joda-time/jars/joda-time-2.7.jar, /home/andre/.ivy2/cache/org.joda/joda-convert/jars/joda-convert-1.7.jar, /home/andre/.ivy2/cache/org.scala-lang/scala-reflect/jars/scala-reflect-2.11.6.jar, /home/andre/.ivy2/cache/com.fasterxml.jackson.core/jackson-core/bundles/jackson-core-2.5.4.jar, /home/andre/.ivy2/cache/com.fasterxml.jackson.core/jackson-annotations/bundles/jackson-annotations-2.5.4.jar, /home/andre/.ivy2/cache/com.fasterxml.jackson.core/jackson-databind/bundles/jackson-databind-2.5.4.jar, /home/andre/.ivy2/cache/com.fasterxml.jackson.datatype/jackson-datatype-jdk8/bundles/jackson-datatype-jdk8-2.5.4.jar, /home/andre/.ivy2/cache/com.fasterxml.jackson.datatype/jackson-datatype-jsr310/bundles/jackson-datatype-jsr310-2.5.4.jar, /home/andre/.ivy2/cache/com.typesafe.play/play-netty-utils/jars/play-netty-utils-2.4.1.jar, /home/andre/.ivy2/cache/org.slf4j/slf4j-api/jars/slf4j-api-1.7.12.jar, /home/andre/.ivy2/cache/org.slf4j/jul-to-slf4j/jars/jul-to-slf4j-1.7.12.jar, /home/andre/.ivy2/cache/org.slf4j/jcl-over-slf4j/jars/jcl-over-slf4j-1.7.12.jar, /home/andre/.ivy2/cache/org.scala-lang.modules/scala-parser-combinators_2.11/bundles/scala-parser-combinators_2.11-1.0.1.jar, /home/andre/.ivy2/cache/ch.qos.logback/logback-core/jars/logback-core-1.1.3.jar, /home/andre/.ivy2/cache/ch.qos.logback/logback-classic/jars/logback-classic-1.1.3.jar, /opt/activator/repository/com.typesafe.akka/akka-actor_2.11/2.3.11/jars/akka-actor_2.11.jar, /opt/activator/repository/com.typesafe.akka/akka-slf4j_2.11/2.3.11/jars/akka-slf4j_2.11.jar, /home/andre/.ivy2/cache/commons-codec/commons-codec/jars/commons-codec-1.10.jar, /home/andre/.ivy2/cache/xerces/xercesImpl/jars/xercesImpl-2.11.0.jar, /home/andre/.ivy2/cache/xml-apis/xml-apis/jars/xml-apis-1.4.01.jar, /home/andre/.ivy2/cache/javax.transaction/jta/jars/jta-1.1.jar, /home/andre/.ivy2/cache/com.google.inject/guice/jars/guice-4.0.jar, /opt/activator/repository/javax.inject/javax.inject/1/jars/javax.inject.jar, /opt/activator/repository/aopalliance/aopalliance/1.0/jars/aopalliance.jar, /home/andre/.ivy2/cache/com.google.inject.extensions/guice-assistedinject/jars/guice-assistedinject-4.0.jar, /home/andre/.ivy2/cache/com.typesafe.play/play-netty-server_2.11/jars/play-netty-server_2.11-2.4.1.jar, /home/andre/.ivy2/cache/io.netty/netty/bundles/netty-3.10.3.Final.jar, /home/andre/.ivy2/cache/com.typesafe.netty/netty-http-pipelining/jars/netty-http-pipelining-1.1.4.jar, /home/andre/.ivy2/cache/com.typesafe.play/play-jdbc_2.11/jars/play-jdbc_2.11-2.4.1.jar, /home/andre/.ivy2/cache/com.typesafe.play/play-jdbc-api_2.11/jars/play-jdbc-api_2.11-2.4.1.jar, /opt/activator/repository/com.jolbox/bonecp/0.8.0.RELEASE/bundles/bonecp.jar, /home/andre/.ivy2/cache/com.zaxxer/HikariCP/bundles/HikariCP-2.3.7.jar, /home/andre/.ivy2/cache/com.h2database/h2/jars/h2-1.4.187.jar, /opt/activator/repository/tyrex/tyrex/1.0.1/jars/tyrex.jar, /home/andre/.ivy2/cache/com.typesafe.play/play-cache_2.11/jars/play-cache_2.11-2.4.1.jar, /home/andre/.ivy2/cache/net.sf.ehcache/ehcache-core/jars/ehcache-core-2.6.11.jar, /home/andre/.ivy2/cache/com.typesafe.play/play-ws_2.11/jars/play-ws_2.11-2.4.1.jar, /home/andre/.ivy2/cache/com.google.guava/guava/bundles/guava-18.0.jar, /home/andre/.ivy2/cache/com.ning/async-http-client/jars/async-http-client-1.9.21.jar, /home/andre/.ivy2/cache/oauth.signpost/signpost-core/jars/signpost-core-1.2.1.2.jar, /home/andre/.ivy2/cache/oauth.signpost/signpost-commonshttp4/jars/signpost-commonshttp4-1.2.1.2.jar, /opt/activator/repository/org.apache.httpcomponents/httpcore/4.0.1/jars/httpcore.jar, /opt/activator/repository/org.apache.httpcomponents/httpclient/4.0.1/jars/httpclient.jar, /home/andre/.ivy2/cache/commons-logging/commons-logging/jars/commons-logging-1.1.1.jar, /home/andre/.ivy2/cache/mysql/mysql-connector-java/jars/mysql-connector-java-5.1.35.jar, /opt/activator/repository/com.typesafe.play/anorm_2.11/2.4.0/jars/anorm_2.11.jar, /opt/activator/repository/com.typesafe.play/anorm-tokenizer_2.11/2.4.0/jars/anorm-tokenizer_2.11.jar, /opt/activator/repository/com.jsuereth/scala-arm_2.11/1.4/jars/scala-arm_2.11.jar, /opt/activator/repository/org.scala-lang.plugins/scala-continuations-library_2.11/1.0.1/bundles/scala-continuations-library_2.11.jar),List((public/,/mnt/documentos/scala/ws/crud-play-scala/target/web/public/main)),List(/home/andre/.ivy2/cache/com.typesafe.play/play-omnidoc_2.11/jars/play-omnidoc_2.11-2.4.1.jar, /home/andre/.ivy2/cache/org.scala-lang/scala-library/jars/scala-library-2.11.6.jar, /home/andre/.ivy2/cache/com.typesafe.play/play-docs_2.11/jars/play-docs_2.11-2.4.1.jar, /home/andre/.ivy2/cache/com.typesafe.play/play-netty-server_2.11/jars/play-netty-server_2.11-2.4.1.jar, /home/andre/.ivy2/cache/com.typesafe.play/play-server_2.11/jars/play-server_2.11-2.4.1.jar, /home/andre/.ivy2/cache/com.typesafe.play/play_2.11/jars/play_2.11-2.4.1.jar, /home/andre/.ivy2/cache/com.typesafe.play/build-link/jars/build-link-2.4.1.jar, /home/andre/.ivy2/cache/com.typesafe.play/play-exceptions/jars/play-exceptions-2.4.1.jar, /opt/activator/repository/org.javassist/javassist/3.19.0-GA/bundles/javassist.jar, /home/andre/.ivy2/cache/com.typesafe.play/play-iteratees_2.11/jars/play-iteratees_2.11-2.4.1.jar, /home/andre/.ivy2/cache/org.scala-stm/scala-stm_2.11/jars/scala-stm_2.11-0.7.jar, /home/andre/.ivy2/cache/com.typesafe/config/bundles/config-1.3.0.jar, /home/andre/.ivy2/cache/com.typesafe.play/play-json_2.11/jars/play-json_2.11-2.4.1.jar, /home/andre/.ivy2/cache/com.typesafe.play/play-functional_2.11/jars/play-functional_2.11-2.4.1.jar, /home/andre/.ivy2/cache/com.typesafe.play/play-datacommons_2.11/jars/play-datacommons_2.11-2.4.1.jar, /home/andre/.ivy2/cache/joda-time/joda-time/jars/joda-time-2.7.jar, /home/andre/.ivy2/cache/org.joda/joda-convert/jars/joda-convert-1.7.jar, /home/andre/.ivy2/cache/org.scala-lang/scala-reflect/jars/scala-reflect-2.11.6.jar, /home/andre/.ivy2/cache/com.fasterxml.jackson.core/jackson-core/bundles/jackson-core-2.5.4.jar, /home/andre/.ivy2/cache/com.fasterxml.jackson.core/jackson-annotations/bundles/jackson-annotations-2.5.4.jar, /home/andre/.ivy2/cache/com.fasterxml.jackson.core/jackson-databind/bundles/jackson-databind-2.5.4.jar, /home/andre/.ivy2/cache/com.fasterxml.jackson.datatype/jackson-datatype-jdk8/bundles/jackson-datatype-jdk8-2.5.4.jar, /home/andre/.ivy2/cache/com.fasterxml.jackson.datatype/jackson-datatype-jsr310/bundles/jackson-datatype-jsr310-2.5.4.jar, /home/andre/.ivy2/cache/com.typesafe.play/play-netty-utils/jars/play-netty-utils-2.4.1.jar, /home/andre/.ivy2/cache/org.slf4j/slf4j-api/jars/slf4j-api-1.7.12.jar, /home/andre/.ivy2/cache/org.slf4j/jul-to-slf4j/jars/jul-to-slf4j-1.7.12.jar, /home/andre/.ivy2/cache/org.slf4j/jcl-over-slf4j/jars/jcl-over-slf4j-1.7.12.jar, /home/andre/.ivy2/cache/com.typesafe.play/twirl-api_2.11/jars/twirl-api_2.11-1.1.1.jar, /home/andre/.ivy2/cache/org.apache.commons/commons-lang3/jars/commons-lang3-3.4.jar, /home/andre/.ivy2/cache/org.scala-lang.modules/scala-xml_2.11/bundles/scala-xml_2.11-1.0.1.jar, /home/andre/.ivy2/cache/org.scala-lang.modules/scala-parser-combinators_2.11/bundles/scala-parser-combinators_2.11-1.0.1.jar, /home/andre/.ivy2/cache/ch.qos.logback/logback-core/jars/logback-core-1.1.3.jar, /home/andre/.ivy2/cache/ch.qos.logback/logback-classic/jars/logback-classic-1.1.3.jar, /opt/activator/repository/com.typesafe.akka/akka-actor_2.11/2.3.11/jars/akka-actor_2.11.jar, /opt/activator/repository/com.typesafe.akka/akka-slf4j_2.11/2.3.11/jars/akka-slf4j_2.11.jar, /home/andre/.ivy2/cache/commons-codec/commons-codec/jars/commons-codec-1.10.jar, /home/andre/.ivy2/cache/xerces/xercesImpl/jars/xercesImpl-2.11.0.jar, /home/andre/.ivy2/cache/xml-apis/xml-apis/jars/xml-apis-1.4.01.jar, /home/andre/.ivy2/cache/javax.transaction/jta/jars/jta-1.1.jar, /home/andre/.ivy2/cache/com.google.inject/guice/jars/guice-4.0.jar, /opt/activator/repository/javax.inject/javax.inject/1/jars/javax.inject.jar, /opt/activator/repository/aopalliance/aopalliance/1.0/jars/aopalliance.jar, /home/andre/.ivy2/cache/com.google.guava/guava/bundles/guava-16.0.1.jar, /home/andre/.ivy2/cache/com.google.inject.extensions/guice-assistedinject/jars/guice-assistedinject-4.0.jar, /home/andre/.ivy2/cache/io.netty/netty/bundles/netty-3.10.3.Final.jar, /home/andre/.ivy2/cache/com.typesafe.netty/netty-http-pipelining/jars/netty-http-pipelining-1.1.4.jar, /home/andre/.ivy2/cache/com.typesafe.play/play-doc_2.11/jars/play-doc_2.11-1.2.2.jar, /opt/activator/repository/org.pegdown/pegdown/1.4.0/jars/pegdown.jar, /opt/activator/repository/org.parboiled/parboiled-java/1.1.5/bundles/parboiled-java.jar, /opt/activator/repository/org.parboiled/parboiled-core/1.1.5/bundles/parboiled-core.jar, /opt/activator/repository/org.ow2.asm/asm/4.1/jars/asm.jar, /opt/activator/repository/org.ow2.asm/asm-tree/4.1/jars/asm-tree.jar, /opt/activator/repository/org.ow2.asm/asm-analysis/4.1/jars/asm-analysis.jar, /opt/activator/repository/org.ow2.asm/asm-util/4.1/jars/asm-util.jar, /opt/activator/repository/commons-io/commons-io/2.4/jars/commons-io.jar),Some(/home/andre/.ivy2/cache/com.typesafe.play/play-omnidoc_2.11/jars/play-omnidoc_2.11-2.4.1.jar),List(),9000,0.0.0.0,DefaultWatchService,List(/mnt/documentos/scala/ws/crud-play-scala/public, /mnt/documentos/scala/ws/crud-play-scala/conf, /mnt/documentos/scala/ws/crud-play-scala/app),/mnt/documentos/scala/ws/crud-play-scala/target,500,root/playForkNotifyStart,root/playForkReload,300000,play.core.server.DevServerStart),scala.pickling.PicklerUnpickler$DelegatingPicklerUnpickler@73e2131f),ForkConfig(/mnt/documentos/scala/ws/crud-play-scala,List(),List(/home/andre/.ivy2/cache/org.scala-lang/scala-library/jars/scala-library-2.11.6.jar, /home/andre/.ivy2/cache/com.typesafe.play/twirl-api_2.11/jars/twirl-api_2.11-1.1.1.jar, /home/andre/.ivy2/cache/org.apache.commons/commons-lang3/jars/commons-lang3-3.4.jar, /home/andre/.ivy2/cache/org.scala-lang.modules/scala-xml_2.11/bundles/scala-xml_2.11-1.0.1.jar, /home/andre/.ivy2/cache/com.typesafe.play/play-server_2.11/jars/play-server_2.11-2.4.1.jar, /home/andre/.ivy2/cache/com.typesafe.play/play_2.11/jars/play_2.11-2.4.1.jar, /home/andre/.ivy2/cache/com.typesafe.play/build-link/jars/build-link-2.4.1.jar, /home/andre/.ivy2/cache/com.typesafe.play/play-exceptions/jars/play-exceptions-2.4.1.jar, /opt/activator/repository/org.javassist/javassist/3.19.0-GA/bundles/javassist.jar, /home/andre/.ivy2/cache/com.typesafe.play/play-iteratees_2.11/jars/play-iteratees_2.11-2.4.1.jar, /home/andre/.ivy2/cache/org.scala-stm/scala-stm_2.11/jars/scala-stm_2.11-0.7.jar, /home/andre/.ivy2/cache/com.typesafe/config/bundles/config-1.3.0.jar, /home/andre/.ivy2/cache/com.typesafe.play/play-json_2.11/jars/play-json_2.11-2.4.1.jar, /home/andre/.ivy2/cache/com.typesafe.play/play-functional_2.11/jars/play-functional_2.11-2.4.1.jar, /home/andre/.ivy2/cache/com.typesafe.play/play-datacommons_2.11/jars/play-datacommons_2.11-2.4.1.jar, /home/andre/.ivy2/cache/joda-time/joda-time/jars/joda-time-2.7.jar, /home/andre/.ivy2/cache/org.joda/joda-convert/jars/joda-convert-1.7.jar, /home/andre/.ivy2/cache/org.scala-lang/scala-reflect/jars/scala-reflect-2.11.6.jar, /home/andre/.ivy2/cache/com.fasterxml.jackson.core/jackson-core/bundles/jackson-core-2.5.4.jar, /home/andre/.ivy2/cache/com.fasterxml.jackson.core/jackson-annotations/bundles/jackson-annotations-2.5.4.jar, /home/andre/.ivy2/cache/com.fasterxml.jackson.core/jackson-databind/bundles/jackson-databind-2.5.4.jar, /home/andre/.ivy2/cache/com.fasterxml.jackson.datatype/jackson-datatype-jdk8/bundles/jackson-datatype-jdk8-2.5.4.jar, /home/andre/.ivy2/cache/com.fasterxml.jackson.datatype/jackson-datatype-jsr310/bundles/jackson-datatype-jsr310-2.5.4.jar, /home/andre/.ivy2/cache/com.typesafe.play/play-netty-utils/jars/play-netty-utils-2.4.1.jar, /home/andre/.ivy2/cache/org.slf4j/slf4j-api/jars/slf4j-api-1.7.12.jar, /home/andre/.ivy2/cache/org.slf4j/jul-to-slf4j/jars/jul-to-slf4j-1.7.12.jar, /home/andre/.ivy2/cache/org.slf4j/jcl-over-slf4j/jars/jcl-over-slf4j-1.7.12.jar, /home/andre/.ivy2/cache/org.scala-lang.modules/scala-parser-combinators_2.11/bundles/scala-parser-combinators_2.11-1.0.1.jar, /home/andre/.ivy2/cache/ch.qos.logback/logback-core/jars/logback-core-1.1.3.jar, /home/andre/.ivy2/cache/ch.qos.logback/logback-classic/jars/logback-classic-1.1.3.jar, /opt/activator/repository/com.typesafe.akka/akka-actor_2.11/2.3.11/jars/akka-actor_2.11.jar, /opt/activator/repository/com.typesafe.akka/akka-slf4j_2.11/2.3.11/jars/akka-slf4j_2.11.jar, /home/andre/.ivy2/cache/commons-codec/commons-codec/jars/commons-codec-1.10.jar, /home/andre/.ivy2/cache/xerces/xercesImpl/jars/xercesImpl-2.11.0.jar, /home/andre/.ivy2/cache/xml-apis/xml-apis/jars/xml-apis-1.4.01.jar, /home/andre/.ivy2/cache/javax.transaction/jta/jars/jta-1.1.jar, /home/andre/.ivy2/cache/com.google.inject/guice/jars/guice-4.0.jar, /opt/activator/repository/javax.inject/javax.inject/1/jars/javax.inject.jar, /opt/activator/repository/aopalliance/aopalliance/1.0/jars/aopalliance.jar, /home/andre/.ivy2/cache/com.google.inject.extensions/guice-assistedinject/jars/guice-assistedinject-4.0.jar, /home/andre/.ivy2/cache/com.typesafe.play/play-netty-server_2.11/jars/play-netty-server_2.11-2.4.1.jar, /home/andre/.ivy2/cache/io.netty/netty/bundles/netty-3.10.3.Final.jar, /home/andre/.ivy2/cache/com.typesafe.netty/netty-http-pipelining/jars/netty-http-pipelining-1.1.4.jar, /home/andre/.ivy2/cache/com.typesafe.play/play-jdbc_2.11/jars/play-jdbc_2.11-2.4.1.jar, /home/andre/.ivy2/cache/com.typesafe.play/play-jdbc-api_2.11/jars/play-jdbc-api_2.11-2.4.1.jar, /opt/activator/repository/com.jolbox/bonecp/0.8.0.RELEASE/bundles/bonecp.jar, /home/andre/.ivy2/cache/com.zaxxer/HikariCP/bundles/HikariCP-2.3.7.jar, /home/andre/.ivy2/cache/com.h2database/h2/jars/h2-1.4.187.jar, /opt/activator/repository/tyrex/tyrex/1.0.1/jars/tyrex.jar, /home/andre/.ivy2/cache/com.typesafe.play/play-cache_2.11/jars/play-cache_2.11-2.4.1.jar, /home/andre/.ivy2/cache/net.sf.ehcache/ehcache-core/jars/ehcache-core-2.6.11.jar, /home/andre/.ivy2/cache/com.typesafe.play/play-ws_2.11/jars/play-ws_2.11-2.4.1.jar, /home/andre/.ivy2/cache/com.google.guava/guava/bundles/guava-18.0.jar, /home/andre/.ivy2/cache/com.ning/async-http-client/jars/async-http-client-1.9.21.jar, /home/andre/.ivy2/cache/oauth.signpost/signpost-core/jars/signpost-core-1.2.1.2.jar, /home/andre/.ivy2/cache/oauth.signpost/signpost-commonshttp4/jars/signpost-commonshttp4-1.2.1.2.jar, /opt/activator/repository/org.apache.httpcomponents/httpcore/4.0.1/jars/httpcore.jar, /opt/activator/repository/org.apache.httpcomponents/httpclient/4.0.1/jars/httpclient.jar, /home/andre/.ivy2/cache/commons-logging/commons-logging/jars/commons-logging-1.1.1.jar, /home/andre/.ivy2/cache/mysql/mysql-connector-java/jars/mysql-connector-java-5.1.35.jar, /opt/activator/repository/com.typesafe.play/anorm_2.11/2.4.0/jars/anorm_2.11.jar, /opt/activator/repository/com.typesafe.play/anorm-tokenizer_2.11/2.4.0/jars/anorm-tokenizer_2.11.jar, /opt/activator/repository/com.jsuereth/scala-arm_2.11/1.4/jars/scala-arm_2.11.jar, /opt/activator/repository/org.scala-lang.plugins/scala-continuations-library_2.11/1.0.1/bundles/scala-continuations-library_2.11.jar),List((public/,/mnt/documentos/scala/ws/crud-play-scala/target/web/public/main)),List(/home/andre/.ivy2/cache/com.typesafe.play/play-omnidoc_2.11/jars/play-omnidoc_2.11-2.4.1.jar, /home/andre/.ivy2/cache/org.scala-lang/scala-library/jars/scala-library-2.11.6.jar, /home/andre/.ivy2/cache/com.typesafe.play/play-docs_2.11/jars/play-docs_2.11-2.4.1.jar, /home/andre/.ivy2/cache/com.typesafe.play/play-netty-server_2.11/jars/play-netty-server_2.11-2.4.1.jar, /home/andre/.ivy2/cache/com.typesafe.play/play-server_2.11/jars/play-server_2.11-2.4.1.jar, /home/andre/.ivy2/cache/com.typesafe.play/play_2.11/jars/play_2.11-2.4.1.jar, /home/andre/.ivy2/cache/com.typesafe.play/build-link/jars/build-link-2.4.1.jar, /home/andre/.ivy2/cache/com.typesafe.play/play-exceptions/jars/play-exceptions-2.4.1.jar, /opt/activator/repository/org.javassist/javassist/3.19.0-GA/bundles/javassist.jar, /home/andre/.ivy2/cache/com.typesafe.play/play-iteratees_2.11/jars/play-iteratees_2.11-2.4.1.jar, /home/andre/.ivy2/cache/org.scala-stm/scala-stm_2.11/jars/scala-stm_2.11-0.7.jar, /home/andre/.ivy2/cache/com.typesafe/config/bundles/config-1.3.0.jar, /home/andre/.ivy2/cache/com.typesafe.play/play-json_2.11/jars/play-json_2.11-2.4.1.jar, /home/andre/.ivy2/cache/com.typesafe.play/play-functional_2.11/jars/play-functional_2.11-2.4.1.jar, /home/andre/.ivy2/cache/com.typesafe.play/play-datacommons_2.11/jars/play-datacommons_2.11-2.4.1.jar, /home/andre/.ivy2/cache/joda-time/joda-time/jars/joda-time-2.7.jar, /home/andre/.ivy2/cache/org.joda/joda-convert/jars/joda-convert-1.7.jar, /home/andre/.ivy2/cache/org.scala-lang/scala-reflect/jars/scala-reflect-2.11.6.jar, /home/andre/.ivy2/cache/com.fasterxml.jackson.core/jackson-core/bundles/jackson-core-2.5.4.jar, /home/andre/.ivy2/cache/com.fasterxml.jackson.core/jackson-annotations/bundles/jackson-annotations-2.5.4.jar, /home/andre/.ivy2/cache/com.fasterxml.jackson.core/jackson-databind/bundles/jackson-databind-2.5.4.jar, /home/andre/.ivy2/cache/com.fasterxml.jackson.datatype/jackson-datatype-jdk8/bundles/jackson-datatype-jdk8-2.5.4.jar, /home/andre/.ivy2/cache/com.fasterxml.jackson.datatype/jackson-datatype-jsr310/bundles/jackson-datatype-jsr310-2.5.4.jar, /home/andre/.ivy2/cache/com.typesafe.play/play-netty-utils/jars/play-netty-utils-2.4.1.jar, /home/andre/.ivy2/cache/org.slf4j/slf4j-api/jars/slf4j-api-1.7.12.jar, /home/andre/.ivy2/cache/org.slf4j/jul-to-slf4j/jars/jul-to-slf4j-1.7.12.jar, /home/andre/.ivy2/cache/org.slf4j/jcl-over-slf4j/jars/jcl-over-slf4j-1.7.12.jar, /home/andre/.ivy2/cache/com.typesafe.play/twirl-api_2.11/jars/twirl-api_2.11-1.1.1.jar, /home/andre/.ivy2/cache/org.apache.commons/commons-lang3/jars/commons-lang3-3.4.jar, /home/andre/.ivy2/cache/org.scala-lang.modules/scala-xml_2.11/bundles/scala-xml_2.11-1.0.1.jar, /home/andre/.ivy2/cache/org.scala-lang.modules/scala-parser-combinators_2.11/bundles/scala-parser-combinators_2.11-1.0.1.jar, /home/andre/.ivy2/cache/ch.qos.logback/logback-core/jars/logback-core-1.1.3.jar, /home/andre/.ivy2/cache/ch.qos.logback/logback-classic/jars/logback-classic-1.1.3.jar, /opt/activator/repository/com.typesafe.akka/akka-actor_2.11/2.3.11/jars/akka-actor_2.11.jar, /opt/activator/repository/com.typesafe.akka/akka-slf4j_2.11/2.3.11/jars/akka-slf4j_2.11.jar, /home/andre/.ivy2/cache/commons-codec/commons-codec/jars/commons-codec-1.10.jar, /home/andre/.ivy2/cache/xerces/xercesImpl/jars/xercesImpl-2.11.0.jar, /home/andre/.ivy2/cache/xml-apis/xml-apis/jars/xml-apis-1.4.01.jar, /home/andre/.ivy2/cache/javax.transaction/jta/jars/jta-1.1.jar, /home/andre/.ivy2/cache/com.google.inject/guice/jars/guice-4.0.jar, /opt/activator/repository/javax.inject/javax.inject/1/jars/javax.inject.jar, /opt/activator/repository/aopalliance/aopalliance/1.0/jars/aopalliance.jar, /home/andre/.ivy2/cache/com.google.guava/guava/bundles/guava-16.0.1.jar, /home/andre/.ivy2/cache/com.google.inject.extensions/guice-assistedinject/jars/guice-assistedinject-4.0.jar, /home/andre/.ivy2/cache/io.netty/netty/bundles/netty-3.10.3.Final.jar, /home/andre/.ivy2/cache/com.typesafe.netty/netty-http-pipelining/jars/netty-http-pipelining-1.1.4.jar, /home/andre/.ivy2/cache/com.typesafe.play/play-doc_2.11/jars/play-doc_2.11-1.2.2.jar, /opt/activator/repository/org.pegdown/pegdown/1.4.0/jars/pegdown.jar, /opt/activator/repository/org.parboiled/parboiled-java/1.1.5/bundles/parboiled-java.jar, /opt/activator/repository/org.parboiled/parboiled-core/1.1.5/bundles/parboiled-core.jar, /opt/activator/repository/org.ow2.asm/asm/4.1/jars/asm.jar, /opt/activator/repository/org.ow2.asm/asm-tree/4.1/jars/asm-tree.jar, /opt/activator/repository/org.ow2.asm/asm-analysis/4.1/jars/asm-analysis.jar, /opt/activator/repository/org.ow2.asm/asm-util/4.1/jars/asm-util.jar, /opt/activator/repository/commons-io/commons-io/2.4/jars/commons-io.jar),Some(/home/andre/.ivy2/cache/com.typesafe.play/play-omnidoc_2.11/jars/play-omnidoc_2.11-2.4.1.jar),List(),9000,0.0.0.0,DefaultWatchService,List(/mnt/documentos/scala/ws/crud-play-scala/public, /mnt/documentos/scala/ws/crud-play-scala/conf, /mnt/documentos/scala/ws/crud-play-scala/app),/mnt/documentos/scala/ws/crud-play-scala/target,500,root/playForkNotifyStart,root/playForkReload,300000,play.core.server.DevServerStart))))
Sending msg to client play-fork-run-40a04321-100c-4f68-8d7b-ed8846fffbd6: TaskStarted(12,798,None)
Sending msg to client play-fork-run-40a04321-100c-4f68-8d7b-ed8846fffbd6: TaskFinished(12,798,None,true,None)
Sending msg to client play-fork-run-40a04321-100c-4f68-8d7b-ed8846fffbd6: TaskStarted(12,797,None)
Sending msg to client play-fork-run-40a04321-100c-4f68-8d7b-ed8846fffbd6: TaskFinished(12,797,None,true,None)
Sending msg to client play-fork-run-40a04321-100c-4f68-8d7b-ed8846fffbd6: DetachedLogEvent(LogMessage(debug,cancel strategy finish enabled=false lastCommand=Some(LastCommand(CommandExecutionWork(ExecutionId(12),{file:/mnt/documentos/scala/ws/crud-play-scala/}root/*:playForkConfig,Set(LiveClient(play-fork-run 40a04321-100c-4f68-8d7b-ed8846fffbd6)),sbt.server.WorkCancellationStatus$$anon$1@21022223)))))
Sending msg to client play-fork-run-40a04321-100c-4f68-8d7b-ed8846fffbd6: DetachedLogEvent(LogSuccess(Total time: 0 s, completed 28/06/2015 23:39:23))
Sending msg to client play-fork-run-40a04321-100c-4f68-8d7b-ed8846fffbd6: DetachedLogEvent(LogMessage(debug,> server-post-command-cleanup))
Sending msg to client play-fork-run-40a04321-100c-4f68-8d7b-ed8846fffbd6: ExecutionSuccess(12)
Sending msg to client play-fork-run-40a04321-100c-4f68-8d7b-ed8846fffbd6: DetachedLogEvent(LogMessage(debug,> server-handle-next-server-request))
Sending msg to client play-fork-run-40a04321-100c-4f68-8d7b-ed8846fffbd6: BackgroundJobLogEvent(2,LogMessage(info,))
Sending msg to client play-fork-run-40a04321-100c-4f68-8d7b-ed8846fffbd6: BackgroundJobLogEvent(2,LogMessage(info,[35m--- (Running the application, auto-reloading is enabled) ---[0m))
Sending msg to client play-fork-run-40a04321-100c-4f68-8d7b-ed8846fffbd6: BackgroundJobLogEvent(2,LogMessage(info,))
Sending msg to client play-fork-run-40a04321-100c-4f68-8d7b-ed8846fffbd6: BackgroundJobLogEvent(2,LogMessage(info,p.a.l.c.ActorSystemProvider - Starting application default Akka system: application))
Sending msg to client play-fork-run-40a04321-100c-4f68-8d7b-ed8846fffbd6: BackgroundJobLogEvent(2,LogMessage(info,p.c.s.NettyServer - Listening for HTTP on /0:0:0:0:0:0:0:0:9000))
Sending msg to client play-fork-run-40a04321-100c-4f68-8d7b-ed8846fffbd6: BackgroundJobLogEvent(2,LogMessage(info,))
Sending msg to client play-fork-run-40a04321-100c-4f68-8d7b-ed8846fffbd6: BackgroundJobLogEvent(2,LogMessage(info,[32m(Server started, use Ctrl+D to stop and go back to the console...)[0m))
Sending msg to client play-fork-run-40a04321-100c-4f68-8d7b-ed8846fffbd6: BackgroundJobLogEvent(2,LogMessage(info,))
Got request: ExecutionRequest(root/playForkNotifyStart http://localhost:9000)
Reading next message from client.
Sending msg to client play-fork-run-40a04321-100c-4f68-8d7b-ed8846fffbd6: (8,ExecutionRequestReceived(13))
Sending msg to client play-fork-run-40a04321-100c-4f68-8d7b-ed8846fffbd6: ExecutionWaiting(13,root/playForkNotifyStart http://localhost:9000,ClientInfo(40a04321-100c-4f68-8d7b-ed8846fffbd6,play-fork-run,Play Fork Run,1,Vector()))
Sending msg to client play-fork-run-40a04321-100c-4f68-8d7b-ed8846fffbd6: ExecutionStarting(13)
Sending msg to client play-fork-run-40a04321-100c-4f68-8d7b-ed8846fffbd6: DetachedLogEvent(LogMessage(debug,> root/playForkNotifyStart http://localhost:9000))
Sending msg to client play-fork-run-40a04321-100c-4f68-8d7b-ed8846fffbd6: DetachedLogEvent(LogMessage(debug,Evaluating tasks: *:playForkNotifyStart))
Sending msg to client play-fork-run-40a04321-100c-4f68-8d7b-ed8846fffbd6: DetachedLogEvent(LogMessage(debug,Running task... Cancel: sbt.server.ServerTaskCancellation@3e8cb9d4, check cycles: false))
Sending msg to client play-fork-run-40a04321-100c-4f68-8d7b-ed8846fffbd6: DetachedLogEvent(LogMessage(debug,cancel strategy start enabled=true lastCommand=Some(LastCommand(CommandExecutionWork(ExecutionId(13),root/playForkNotifyStart http://localhost:9000,Set(LiveClient(play-fork-run 40a04321-100c-4f68-8d7b-ed8846fffbd6)),sbt.server.WorkCancellationStatus$$anon$1@337acb25)))))
Sending msg to client play-fork-run-40a04321-100c-4f68-8d7b-ed8846fffbd6: TaskStarted(13,875,Some(AttributeKey[sbt.SendEventService]("sendEventService") in Scope(Global)))
Sending msg to client play-fork-run-40a04321-100c-4f68-8d7b-ed8846fffbd6: TaskFinished(13,875,Some(AttributeKey[sbt.SendEventService]("sendEventService") in Scope(Global)),true,None)
Sending msg to client play-fork-run-40a04321-100c-4f68-8d7b-ed8846fffbd6: TaskStarted(13,874,Some(AttributeKey[scala.Function1[java.lang.String,void]]("playForkStarted") in Scope(Build: file:/mnt/documentos/scala/ws/crud-play-scala/, , Project: ProjectReference(file:/mnt/documentos/scala/ws/crud-play-scala/,root))))
Sending msg to client play-fork-run-40a04321-100c-4f68-8d7b-ed8846fffbd6: TaskFinished(13,874,Some(AttributeKey[scala.Function1[java.lang.String,void]]("playForkStarted") in Scope(Build: file:/mnt/documentos/scala/ws/crud-play-scala/, , Project: ProjectReference(file:/mnt/documentos/scala/ws/crud-play-scala/,root))),true,None)
Sending msg to client play-fork-run-40a04321-100c-4f68-8d7b-ed8846fffbd6: TaskStarted(13,873,Some(AttributeKey[void]("playForkNotifyStart") in Scope(Build: file:/mnt/documentos/scala/ws/crud-play-scala/, , Project: ProjectReference(file:/mnt/documentos/scala/ws/crud-play-scala/,root))))
Sending msg to client play-fork-run-40a04321-100c-4f68-8d7b-ed8846fffbd6: TaskEvent(873,LazyValue(PlayServerStarted(http://localhost:9000),play.forkrun.protocol.Serializers$PlayForkrunProtocolPlayServerStartedPickler1$2$@26f899d8))
Sending msg to client play-fork-run-40a04321-100c-4f68-8d7b-ed8846fffbd6: TaskFinished(13,873,Some(AttributeKey[void]("playForkNotifyStart") in Scope(Build: file:/mnt/documentos/scala/ws/crud-play-scala/, , Project: ProjectReference(file:/mnt/documentos/scala/ws/crud-play-scala/,root))),true,None)
Sending msg to client play-fork-run-40a04321-100c-4f68-8d7b-ed8846fffbd6: TaskStarted(13,872,None)
Sending msg to client play-fork-run-40a04321-100c-4f68-8d7b-ed8846fffbd6: TaskFinished(13,872,None,true,None)
Sending msg to client play-fork-run-40a04321-100c-4f68-8d7b-ed8846fffbd6: TaskStarted(13,871,None)
Sending msg to client play-fork-run-40a04321-100c-4f68-8d7b-ed8846fffbd6: TaskFinished(13,871,None,true,None)
Sending msg to client play-fork-run-40a04321-100c-4f68-8d7b-ed8846fffbd6: DetachedLogEvent(LogMessage(debug,cancel strategy finish enabled=false lastCommand=Some(LastCommand(CommandExecutionWork(ExecutionId(13),root/playForkNotifyStart http://localhost:9000,Set(LiveClient(play-fork-run 40a04321-100c-4f68-8d7b-ed8846fffbd6)),sbt.server.WorkCancellationStatus$$anon$1@337acb25)))))
Sending msg to client play-fork-run-40a04321-100c-4f68-8d7b-ed8846fffbd6: DetachedLogEvent(LogSuccess(Total time: 0 s, completed 28/06/2015 23:39:24))
Sending msg to client play-fork-run-40a04321-100c-4f68-8d7b-ed8846fffbd6: DetachedLogEvent(LogMessage(debug,> server-post-command-cleanup))
Sending msg to client play-fork-run-40a04321-100c-4f68-8d7b-ed8846fffbd6: ExecutionSuccess(13)
Sending msg to client play-fork-run-40a04321-100c-4f68-8d7b-ed8846fffbd6: DetachedLogEvent(LogMessage(debug,> server-handle-next-server-request))
Sending msg to client play-fork-run-40a04321-100c-4f68-8d7b-ed8846fffbd6: BackgroundJobLogEvent(1,LogMessage(info,JVM exiting, shutting down Play fork run ...))
Sending msg to client play-fork-run-40a04321-100c-4f68-8d7b-ed8846fffbd6: BackgroundJobLogEvent(1,LogMessage(info,Play fork run already stopped ...))
Sending msg to client play-fork-run-40a04321-100c-4f68-8d7b-ed8846fffbd6: BackgroundJobLogEvent(1,LogMessage(info,Forked Play process exited with status: 0))
Sending msg to client play-fork-run-40a04321-100c-4f68-8d7b-ed8846fffbd6: BackgroundJobFinished(6,1)
